\BOOKMARK [0][-]{chapter*.6}{\376\377\000K\000u\000r\000z\000f\000a\000s\000s\000u\000n\000g}{}% 1
\BOOKMARK [0][-]{chapter*.8}{\376\377\000A\000b\000s\000t\000r\000a\000c\000t}{}% 2
\BOOKMARK [0][-]{section*.10}{\376\377\000C\000o\000n\000t\000e\000n\000t\000s}{}% 3
\BOOKMARK [0][-]{chapter.1}{\376\377\000I\000n\000t\000r\000o\000d\000u\000c\000t\000i\000o\000n}{}% 4
\BOOKMARK [0][-]{chapter.2}{\376\377\000A\000d\000d\000i\000t\000i\000o\000n\000a\000l\000\040\000C\000h\000a\000p\000t\000e\000r}{}% 5
\BOOKMARK [0][-]{chapter.3}{\376\377\000I\000n\000t\000r\000o\000d\000u\000c\000t\000i\000o\000n\000\040\000t\000o\000\040\000L\000a\000T\000e\000X}{}% 6
\BOOKMARK [1][-]{section.3.1}{\376\377\000I\000n\000s\000t\000a\000l\000l\000a\000t\000i\000o\000n}{chapter.3}% 7
\BOOKMARK [1][-]{section.3.2}{\376\377\000E\000d\000i\000t\000o\000r\000s}{chapter.3}% 8
\BOOKMARK [1][-]{section.3.3}{\376\377\000C\000o\000m\000p\000i\000l\000a\000t\000i\000o\000n}{chapter.3}% 9
\BOOKMARK [1][-]{section.3.4}{\376\377\000B\000a\000s\000i\000c\000\040\000F\000u\000n\000c\000t\000i\000o\000n\000a\000l\000i\000t\000y}{chapter.3}% 10
\BOOKMARK [1][-]{section.3.5}{\376\377\000B\000i\000b\000l\000i\000o\000g\000r\000a\000p\000h\000y}{chapter.3}% 11
\BOOKMARK [1][-]{section.3.6}{\376\377\000T\000a\000b\000l\000e\000\040\000o\000f\000\040\000C\000o\000n\000t\000e\000n\000t\000s}{chapter.3}% 12
\BOOKMARK [1][-]{section.3.7}{\376\377\000A\000c\000r\000o\000n\000y\000m\000s\000\040\000/\000\040\000G\000l\000o\000s\000s\000a\000r\000y\000\040\000/\000\040\000I\000n\000d\000e\000x}{chapter.3}% 13
\BOOKMARK [1][-]{section.3.8}{\376\377\000T\000i\000p\000s}{chapter.3}% 14
\BOOKMARK [1][-]{section.3.9}{\376\377\000R\000e\000s\000o\000u\000r\000c\000e\000s}{chapter.3}% 15
\BOOKMARK [0][-]{section*.19}{\376\377\000L\000i\000s\000t\000\040\000o\000f\000\040\000F\000i\000g\000u\000r\000e\000s}{}% 16
\BOOKMARK [0][-]{section*.20}{\376\377\000L\000i\000s\000t\000\040\000o\000f\000\040\000T\000a\000b\000l\000e\000s}{}% 17
\BOOKMARK [0][-]{chapter*.21}{\376\377\000L\000i\000s\000t\000\040\000o\000f\000\040\000A\000l\000g\000o\000r\000i\000t\000h\000m\000s}{}% 18
\BOOKMARK [0][-]{section*.22}{\376\377\000I\000n\000d\000e\000x}{}% 19
\BOOKMARK [0][-]{section*.23}{\376\377\000G\000l\000o\000s\000s\000a\000r\000y}{}% 20
\BOOKMARK [0][-]{section*.25}{\376\377\000A\000c\000r\000o\000n\000y\000m\000s}{}% 21
\BOOKMARK [0][-]{chapter*.27}{\376\377\000B\000i\000b\000l\000i\000o\000g\000r\000a\000p\000h\000y}{}% 22
